<?xml version="1.0" encoding="UTF-8"?>
<testsuite name="com.workshop.api.tests.UsuariosTest" tests="1" skipped="0" failures="0" errors="0" timestamp="2021-08-15T22:56:21" hostname="MacBook-Pro-de-alex.local" time="1.343">
  <properties/>
  <testcase name="crearUsuarioTest()" classname="com.workshop.api.tests.UsuariosTest" time="1.343"/>
  <system-out><![CDATA[{"id":"868","createdAt":"2021-08-15T22:56:22.666Z"}
]]></system-out>
  <system-err><![CDATA[]]></system-err>
</testsuite>
